\BOOKMARK [1][-]{section.1}{Gu\355a 1: Amplificadores Simples con BJT}{}% 1
\BOOKMARK [2][-]{subsection.1.1}{Amplificador de Emisor Com\372n}{section.1}% 2
\BOOKMARK [2][-]{subsection.1.2}{Amplificador Base Com\372n}{section.1}% 3
\BOOKMARK [2][-]{subsection.1.3}{Amplificador Colector Com\372n}{section.1}% 4
\BOOKMARK [2][-]{subsection.1.4}{Conclusiones}{section.1}% 5
\BOOKMARK [1][-]{section.2}{Gu\355a 2: Caracterizaci\363n de Transistores de Efecto de Campo y Amplificadores B\341sicos}{}% 6
\BOOKMARK [2][-]{subsection.2.1}{Canal N}{section.2}% 7
\BOOKMARK [2][-]{subsection.2.2}{Canal P}{section.2}% 8
\BOOKMARK [2][-]{subsection.2.3}{Caracterizaci\363n de Transistores de Efecto de Campo}{section.2}% 9
\BOOKMARK [3][-]{subsubsection.2.3.1}{Canal N}{subsection.2.3}% 10
\BOOKMARK [3][-]{subsubsection.2.3.2}{Canal P}{subsection.2.3}% 11
\BOOKMARK [2][-]{subsection.2.4}{Amplificador de Fuente Com\372n}{section.2}% 12
\BOOKMARK [2][-]{subsection.2.5}{Amplificador de Compuerta Com\372n}{section.2}% 13
\BOOKMARK [2][-]{subsection.2.6}{Amplificador de Drain Com\372n}{section.2}% 14
\BOOKMARK [1][-]{section.3}{Gu\355a 3: Fuentes y Espejos de Corriente}{}% 15
\BOOKMARK [1][-]{section.4}{Gu\355a 4: Fuente de corriente con MOSFET y amplificador diferencial BJT}{}% 16
\BOOKMARK [2][-]{subsection.4.1}{Espejo de Corriente Simple con MOSFET}{section.4}% 17
\BOOKMARK [2][-]{subsection.4.2}{Amplificador Diferencial BJT con carga resistiva}{section.4}% 18
\BOOKMARK [2][-]{subsection.4.3}{Amplificador Diferencial con Cola Resistiva}{section.4}% 19
\BOOKMARK [1][-]{section.5}{Gu\355a 7: Amplificadores Operacionales}{}% 20
\BOOKMARK [2][-]{subsection.5.1}{Seguidor de tensi\363n}{section.5}% 21
\BOOKMARK [2][-]{subsection.5.2}{Amplificador Inversor}{section.5}% 22
\BOOKMARK [2][-]{subsection.5.3}{Sumador}{section.5}% 23
\BOOKMARK [1][-]{section.6}{Gu\355a 5: Amplificador Mosfet con carga activa y Amplificadores Operacionales}{}% 24
\BOOKMARK [2][-]{subsection.6.1}{Polarizaci\363n por realimentaci\363n desde el Drenador}{section.6}% 25
\BOOKMARK [2][-]{subsection.6.2}{Derivador}{section.6}% 26
\BOOKMARK [2][-]{subsection.6.3}{Integrador}{section.6}% 27
\BOOKMARK [2][-]{subsection.6.4}{Amplificador No Inversor}{section.6}% 28
\BOOKMARK [1][-]{section.7}{Gu\355a 6: Amplificador Mosfet diferencial con carga activa}{}% 29
